TN:
SF:src\domain\use-cases\create-table.use-case.ts
FN:3,CreateTable
FN:5,execute
FNF:2
FNH:2
FNDA:2,CreateTable
FNDA:2,execute
DA:1,1
DA:2,1
DA:3,1
DA:4,1
DA:5,1
DA:6,2
DA:7,2
DA:8,30
DA:9,30
DA:10,30
DA:11,2
DA:12,2
DA:13,2
DA:14,1
DA:15,1
LF:15
LH:15
BRDA:3,0,0,2
BRDA:5,1,0,2
BRDA:7,2,0,30
BRDA:9,3,0,28
BRF:4
BRH:4
end_of_record
TN:
SF:src\domain\use-cases\save-file.use-case.ts
FN:15,SaveFile
FN:17,execute
FNF:2
FNH:2
FNDA:2,SaveFile
FNDA:2,execute
DA:1,1
DA:2,1
DA:3,1
DA:4,1
DA:5,1
DA:6,1
DA:7,1
DA:8,1
DA:9,1
DA:10,1
DA:11,1
DA:12,1
DA:13,1
DA:14,1
DA:15,1
DA:16,1
DA:17,1
DA:18,2
DA:19,2
DA:20,2
DA:21,2
DA:22,2
DA:23,2
DA:24,2
DA:25,2
DA:26,2
DA:27,0
DA:28,0
DA:29,0
DA:30,2
DA:31,2
DA:32,2
DA:33,2
DA:34,2
DA:35,2
DA:36,1
DA:37,1
LF:37
LH:34
BRDA:15,0,0,2
BRDA:17,1,0,2
BRDA:19,2,0,0
BRDA:19,3,0,1
BRDA:19,4,0,1
BRDA:20,5,0,0
BRDA:20,6,0,1
BRDA:20,7,0,1
BRDA:26,8,0,0
BRF:9
BRH:6
end_of_record
